<?xml version='1.0'?>
<ns2:test-suite xmlns:ns2='urn:model.allure.qatools.yandex.ru' start='1652712949853' stop='1652712969918'>
    <name>Page object Model in Cypress</name>
    <title>Page object Model in Cypress</title>
    <test-cases>
        <test-case start='1652712949853' status='failed' stop='1652712969700'>
            <name>Delete User in OrangeHRM</name>
            <title>Delete User in OrangeHRM</title>
            <labels/>
            <parameters/>
            <steps/>
            <attachments/>
            <failure>
                <message>Timed out retrying after 4000ms: Expected to find element: `input[value='58']`, but never found it.</message>
                <stack-trace>AssertionError: Timed out retrying after 4000ms: Expected to find element: `input[value='58']`, but never found it.
                    at DeleteUser.delete (https://opensource-demo.orangehrmlive.com/__cypress/tests?p=cypress\integration\testCAses\TC_003_Delete_User.js:175:8)
                    at Context.eval (https://opensource-demo.orangehrmlive.com/__cypress/tests?p=cypress\integration\testCAses\TC_003_Delete_User.js:209:22)</stack-trace>
            </failure>
        </test-case>
    </test-cases>
</ns2:test-suite>